#
# A fatal error has been detected by the Java Runtime Environment:
#
#  EXCEPTION_ACCESS_VIOLATION (0xc0000005) at pc=0x0000000064bf18a7, pid=25352, tid=26672
#
# JRE version: Java(TM) SE Runtime Environment (8.0_60-b27) (build 1.8.0_60-b27)
# Java VM: Java HotSpot(TM) 64-Bit Server VM (25.60-b23 mixed mode windows-amd64 compressed oops)
# Problematic frame:
# V  [jvm.dll+0x2118a7]
#
# Failed to write core dump. Minidumps are not enabled by default on client versions of Windows
#
# If you would like to submit a bug report, please visit:
#   http://bugreport.java.com/bugreport/crash.jsp
#

---------------  T H R E A D  ---------------

Current thread (0x0000000008a1d000):  JavaThread "AWT-EventQueue-0" [_thread_in_vm, id=26672, stack(0x0000000009ad0000,0x0000000009bd0000)]

siginfo: ExceptionCode=0xc0000005, writing address 0x0000000009bc49c0

Registers:
RAX=0x0000000009bc49c0, RBX=0x0000000000000007, RCX=0x0000000000006000, RDX=0x0000000000000015
RSP=0x0000000009bca9c0, RBP=0x0000000000000000, RSI=0x0000000009bca9c0, RDI=0x0000000000000007
R8 =0x0000000000000015, R9 =0x0000000008a1b3e0, R10=0x000000000b78a210, R11=0x0000000009ada148
R12=0x0000000008a1b3e0, R13=0x0000000008a1d000, R14=0x0000000009bcaa88, R15=0x000000000b78a210
RIP=0x0000000064bf18a7, EFLAGS=0x0000000000010206

Top of Stack: (sp=0x0000000009bca9c0)
0x0000000009bca9c0:   000000000253ede0 0000000000000000
0x0000000009bca9d0:   0000000008a1d000 0000000008a1b3e0
0x0000000009bca9e0:   00000000ffffffff 0000000064bf27d7
0x0000000009bca9f0:   0000000009bcaaf0 000000000b78a210
0x0000000009bcaa00:   0000000008a1d000 0000000000000000
0x0000000009bcaa10:   0000000008a1d000 18438d57000000ee
0x0000000009bcaa20:   0000000000000232 00000000001cb4c3
0x0000000009bcaa30:   000000000b78a210 0000000008a1d000
0x0000000009bcaa40:   000000000f0210c0 0000000064bfb1f2
0x0000000009bcaa50:   0000000000000027 00000000001cb4a7
0x0000000009bcaa60:   000000000a110d30 0000000008a1d000
0x0000000009bcaa70:   0000000008a1d000 000000000b78a210
0x0000000009bcaa80:   0000000008a1d000 0000000008709220
0x0000000009bcaa90:   0000000009bcb260 0000000000000000
0x0000000009bcaaa0:   0000000009bcac48 0000000064a9b9bb
0x0000000009bcaab0:   0000000000000010 0000000009bcabf8 

Instructions: (pc=0x0000000064bf18a7)
0x0000000064bf1887:   48 89 6c 24 30 33 ed 66 90 e8 ab 36 08 00 ff c3
0x0000000064bf1897:   48 63 c8 48 8b c6 48 0f af cf 48 ff c7 48 2b c1
0x0000000064bf18a7:   89 28 48 63 c3 48 3b 05 dd 9d 58 00 7e db 48 8b
0x0000000064bf18b7:   6c 24 30 48 8b 5c 24 38 48 8b 74 24 40 48 83 c4 


Register to memory mapping:

RAX=0x0000000009bc49c0 is pointing into the stack for thread: 0x0000000008a1d000
RBX=0x0000000000000007 is an unknown value
RCX=0x0000000000006000 is an unknown value
RDX=0x0000000000000015 is an unknown value
RSP=0x0000000009bca9c0 is pointing into the stack for thread: 0x0000000008a1d000
RBP=0x0000000000000000 is an unknown value
RSI=0x0000000009bca9c0 is pointing into the stack for thread: 0x0000000008a1d000
RDI=0x0000000000000007 is an unknown value
R8 =0x0000000000000015 is an unknown value
R9 =0x0000000008a1b3e0 is an unknown value
R10={method} {0x000000000b78a218} 'run' '()Ljava/lang/Object;' in 'java/awt/EventQueue$4'
R11=0x0000000009ada148 is pointing into the stack for thread: 0x0000000008a1d000
R12=0x0000000008a1b3e0 is an unknown value
R13=0x0000000008a1d000 is a thread
R14=0x0000000009bcaa88 is pointing into the stack for thread: 0x0000000008a1d000
R15={method} {0x000000000b78a218} 'run' '()Ljava/lang/Object;' in 'java/awt/EventQueue$4'


Stack: [0x0000000009ad0000,0x0000000009bd0000],  sp=0x0000000009bca9c0,  free space=1002k
Native frames: (J=compiled Java code, j=interpreted, Vv=VM code, C=native code)

Java frames: (J=compiled Java code, j=interpreted, Vv=VM code)
j  java.security.AccessController.doPrivileged(Ljava/security/PrivilegedAction;Ljava/security/AccessControlContext;)Ljava/lang/Object;+0
j  java.security.ProtectionDomain$JavaSecurityAccessImpl.doIntersectionPrivilege(Ljava/security/PrivilegedAction;Ljava/security/AccessControlContext;Ljava/security/AccessControlContext;)Ljava/lang/Object;+18
j  java.awt.EventQueue.dispatchEvent(Ljava/awt/AWTEvent;)V+73
j  java.awt.SentEvent.dispatch()V+14
j  java.awt.DefaultKeyboardFocusManager$DefaultKeyboardFocusManagerSentEvent.dispatch()V+46
j  java.awt.DefaultKeyboardFocusManager.sendMessage(Ljava/awt/Component;Ljava/awt/AWTEvent;)Z+32
j  java.awt.DefaultKeyboardFocusManager.dispatchEvent(Ljava/awt/AWTEvent;)Z+282
j  java.awt.Component.dispatchEventImpl(Ljava/awt/AWTEvent;)V+151
j  java.awt.Container.dispatchEventImpl(Ljava/awt/AWTEvent;)V+42
j  java.awt.Window.dispatchEventImpl(Ljava/awt/AWTEvent;)V+19
j  java.awt.Component.dispatchEvent(Ljava/awt/AWTEvent;)V+2
j  java.awt.EventQueue.dispatchEventImpl(Ljava/awt/AWTEvent;Ljava/lang/Object;)V+41
j  java.awt.EventQueue.access$500(Ljava/awt/EventQueue;Ljava/awt/AWTEvent;Ljava/lang/Object;)V+3
j  java.awt.EventQueue$3.run()Ljava/lang/Void;+32
j  java.awt.EventQueue$3.run()Ljava/lang/Object;+1
v  ~StubRoutines::call_stub
j  java.security.AccessController.doPrivileged(Ljava/security/PrivilegedAction;Ljava/security/AccessControlContext;)Ljava/lang/Object;+0
j  java.security.ProtectionDomain$JavaSecurityAccessImpl.doIntersectionPrivilege(Ljava/security/PrivilegedAction;Ljava/security/AccessControlContext;Ljava/security/AccessControlContext;)Ljava/lang/Object;+18
j  java.security.ProtectionDomain$JavaSecurityAccessImpl.doIntersectionPrivilege(Ljava/security/PrivilegedAction;Ljava/security/AccessControlContext;)Ljava/lang/Object;+6
j  java.awt.EventQueue$4.run()Ljava/lang/Void;+11
j  java.awt.EventQueue$4.run()Ljava/lang/Object;+1
v  ~StubRoutines::call_stub
j  java.security.AccessController.doPrivileged(Ljava/security/PrivilegedAction;Ljava/security/AccessControlContext;)Ljava/lang/Object;+0
j  java.security.ProtectionDomain$JavaSecurityAccessImpl.doIntersectionPrivilege(Ljava/security/PrivilegedAction;Ljava/security/AccessControlContext;Ljava/security/AccessControlContext;)Ljava/lang/Object;+18
j  java.awt.EventQueue.dispatchEvent(Ljava/awt/AWTEvent;)V+73
j  java.awt.SequencedEvent.dispatch()V+108
j  java.awt.EventQueue.dispatchEventImpl(Ljava/awt/AWTEvent;Ljava/lang/Object;)V+21
j  java.awt.EventQueue.access$500(Ljava/awt/EventQueue;Ljava/awt/AWTEvent;Ljava/lang/Object;)V+3
j  java.awt.EventQueue$3.run()Ljava/lang/Void;+32
j  java.awt.EventQueue$3.run()Ljava/lang/Object;+1
v  ~StubRoutines::call_stub
j  java.security.AccessController.doPrivileged(Ljava/security/PrivilegedAction;Ljava/security/AccessControlContext;)Ljava/lang/Object;+0
j  java.security.ProtectionDomain$JavaSecurityAccessImpl.doIntersectionPrivilege(Ljava/security/PrivilegedAction;Ljava/security/AccessControlContext;Ljava/security/AccessControlContext;)Ljava/lang/Object;+18
j  java.security.ProtectionDomain$JavaSecurityAccessImpl.doIntersectionPrivilege(Ljava/security/PrivilegedAction;Ljava/security/AccessControlContext;)Ljava/lang/Object;+6
j  java.awt.EventQueue$4.run()Ljava/lang/Void;+11
j  java.awt.EventQueue$4.run()Ljava/lang/Object;+1
v  ~StubRoutines::call_stub
j  java.security.AccessController.doPrivileged(Ljava/security/PrivilegedAction;Ljava/security/AccessControlContext;)Ljava/lang/Object;+0
j  java.security.ProtectionDomain$JavaSecurityAccessImpl.doIntersectionPrivilege(Ljava/security/PrivilegedAction;Ljava/security/AccessControlContext;Ljava/security/AccessControlContext;)Ljava/lang/Object;+18
j  java.awt.EventQueue.dispatchEvent(Ljava/awt/AWTEvent;)V+73
j  java.awt.EventDispatchThread.pumpOneEventForFilters(I)V+245
j  java.awt.EventDispatchThread.pumpEventsForFilter(ILjava/awt/Conditional;Ljava/awt/EventFilter;)V+35
j  java.awt.EventDispatchThread.pumpEventsForHierarchy(ILjava/awt/Conditional;Ljava/awt/Component;)V+11
j  java.awt.EventDispatchThread.pumpEvents(ILjava/awt/Conditional;)V+4
j  java.awt.EventDispatchThread.pumpEvents(Ljava/awt/Conditional;)V+3
j  java.awt.EventDispatchThread.run()V+9
v  ~StubRoutines::call_stub

---------------  P R O C E S S  ---------------

Java Threads: ( => current thread )
  0x00000000005bd800 JavaThread "DestroyJavaVM" [_thread_blocked, id=10204, stack(0x00000000027f0000,0x00000000028f0000)]
=>0x0000000008a1d000 JavaThread "AWT-EventQueue-0" [_thread_in_vm, id=26672, stack(0x0000000009ad0000,0x0000000009bd0000)]
  0x00000000089b1000 JavaThread "AWT-Windows" daemon [_thread_in_native, id=24180, stack(0x0000000009930000,0x0000000009a30000)]
  0x00000000089b0800 JavaThread "AWT-Shutdown" [_thread_blocked, id=27156, stack(0x00000000094a0000,0x00000000095a0000)]
  0x00000000089af800 JavaThread "Java2D Disposer" daemon [_thread_blocked, id=19156, stack(0x0000000009790000,0x0000000009890000)]
  0x00000000086c3800 JavaThread "Service Thread" daemon [_thread_blocked, id=17820, stack(0x00000000093a0000,0x00000000094a0000)]
  0x000000000863b800 JavaThread "C1 CompilerThread2" daemon [_thread_blocked, id=27536, stack(0x0000000009180000,0x0000000009280000)]
  0x000000000863a800 JavaThread "C2 CompilerThread1" daemon [_thread_blocked, id=26792, stack(0x0000000008f90000,0x0000000009090000)]
  0x00000000073ce800 JavaThread "C2 CompilerThread0" daemon [_thread_blocked, id=25504, stack(0x0000000008da0000,0x0000000008ea0000)]
  0x000000000862b800 JavaThread "Attach Listener" daemon [_thread_blocked, id=27476, stack(0x0000000008aa0000,0x0000000008ba0000)]
  0x000000000862a800 JavaThread "Signal Dispatcher" daemon [_thread_blocked, id=4496, stack(0x0000000008ba0000,0x0000000008ca0000)]
  0x0000000007365800 JavaThread "Finalizer" daemon [_thread_blocked, id=24188, stack(0x0000000008420000,0x0000000008520000)]
  0x000000000735e800 JavaThread "Reference Handler" daemon [_thread_blocked, id=21820, stack(0x0000000008520000,0x0000000008620000)]

Other Threads:
  0x000000000735b000 VMThread [stack: 0x00000000082d0000,0x00000000083d0000] [id=24280]
  0x0000000008707000 WatcherThread [stack: 0x00000000095a0000,0x00000000096a0000] [id=27540]

VM state:not at safepoint (normal execution)

VM Mutex/Monitor currently owned by a thread: None

Heap:
 PSYoungGen      total 28160K, used 2622K [0x00000000e1180000, 0x00000000e3080000, 0x0000000100000000)
  eden space 24576K, 10% used [0x00000000e1180000,0x00000000e140f808,0x00000000e2980000)
  from space 3584K, 0% used [0x00000000e2980000,0x00000000e2980000,0x00000000e2d00000)
  to   space 3584K, 0% used [0x00000000e2d00000,0x00000000e2d00000,0x00000000e3080000)
 ParOldGen       total 41472K, used 1520K [0x00000000a3400000, 0x00000000a5c80000, 0x00000000e1180000)
  object space 41472K, 3% used [0x00000000a3400000,0x00000000a357c2f8,0x00000000a5c80000)
 Metaspace       used 9277K, capacity 9418K, committed 9728K, reserved 1058816K
  class space    used 1145K, capacity 1221K, committed 1280K, reserved 1048576K

Card table byte_map: [0x0000000002cb0000,0x0000000002fa0000] byte_map_base: 0x0000000002796000

Marking Bits: (ParMarkBitMap*) 0x00000000651ea5b0
 Begin Bits: [0x0000000003880000, 0x0000000004fb0000)
 End Bits:   [0x0000000004fb0000, 0x00000000066e0000)

Polling page: 0x0000000000120000

CodeCache: size=245760Kb used=1908Kb max_used=1929Kb free=243852Kb
 bounds [0x000000000f010000, 0x000000000f280000, 0x000000001e010000]
 total_blobs=862 nmethods=423 adapters=353
 compilation: enabled

Compilation events (10 events):
Event: 0.790 Thread 0x000000000863b800  418       3       sun.nio.ch.IOUtil::readIntoNativeBuffer (137 bytes)
Event: 0.790 Thread 0x000000000863b800 nmethod 418 0x000000000f1eacd0 code [0x000000000f1eaea0, 0x000000000f1eb868]
Event: 0.796 Thread 0x000000000863b800  419       1       java.lang.Boolean::booleanValue (5 bytes)
Event: 0.796 Thread 0x000000000863b800 nmethod 419 0x000000000f1ebb50 code [0x000000000f1ebca0, 0x000000000f1ebdb0]
Event: 0.797 Thread 0x000000000863b800  420       3       java.awt.Component::isValid (20 bytes)
Event: 0.798 Thread 0x000000000863b800 nmethod 420 0x000000000f1ebe10 code [0x000000000f1ebf60, 0x000000000f1ec150]
Event: 0.818 Thread 0x000000000863a800  422       4       sun.misc.ASCIICaseInsensitiveComparator::toLower (16 bytes)
Event: 0.818 Thread 0x00000000073ce800  423       4       sun.misc.ASCIICaseInsensitiveComparator::isUpper (18 bytes)
Event: 0.818 Thread 0x00000000073ce800 nmethod 423 0x000000000f1f2ad0 code [0x000000000f1f2c00, 0x000000000f1f2c58]
Event: 0.818 Thread 0x000000000863a800 nmethod 422 0x000000000f1efa10 code [0x000000000f1efb40, 0x000000000f1efb98]

GC Heap History (4 events):
Event: 0.627 GC heap before
{Heap before GC invocations=1 (full 0):
 PSYoungGen      total 28160K, used 5408K [0x00000000e1180000, 0x00000000e3080000, 0x0000000100000000)
  eden space 24576K, 22% used [0x00000000e1180000,0x00000000e16c81d0,0x00000000e2980000)
  from space 3584K, 0% used [0x00000000e2d00000,0x00000000e2d00000,0x00000000e3080000)
  to   space 3584K, 0% used [0x00000000e2980000,0x00000000e2980000,0x00000000e2d00000)
 ParOldGen       total 64512K, used 0K [0x00000000a3400000, 0x00000000a7300000, 0x00000000e1180000)
  object space 64512K, 0% used [0x00000000a3400000,0x00000000a3400000,0x00000000a7300000)
 Metaspace       used 8926K, capacity 9066K, committed 9216K, reserved 1060864K
  class space    used 1097K, capacity 1189K, committed 1280K, reserved 1048576K
Event: 0.666 GC heap after
Heap after GC invocations=1 (full 0):
 PSYoungGen      total 28160K, used 1656K [0x00000000e1180000, 0x00000000e3080000, 0x0000000100000000)
  eden space 24576K, 0% used [0x00000000e1180000,0x00000000e1180000,0x00000000e2980000)
  from space 3584K, 46% used [0x00000000e2980000,0x00000000e2b1e010,0x00000000e2d00000)
  to   space 3584K, 0% used [0x00000000e2d00000,0x00000000e2d00000,0x00000000e3080000)
 ParOldGen       total 64512K, used 8K [0x00000000a3400000, 0x00000000a7300000, 0x00000000e1180000)
  object space 64512K, 0% used [0x00000000a3400000,0x00000000a3402000,0x00000000a7300000)
 Metaspace       used 8926K, capacity 9066K, committed 9216K, reserved 1060864K
  class space    used 1097K, capacity 1189K, committed 1280K, reserved 1048576K
}
Event: 0.666 GC heap before
{Heap before GC invocations=2 (full 1):
 PSYoungGen      total 28160K, used 1656K [0x00000000e1180000, 0x00000000e3080000, 0x0000000100000000)
  eden space 24576K, 0% used [0x00000000e1180000,0x00000000e1180000,0x00000000e2980000)
  from space 3584K, 46% used [0x00000000e2980000,0x00000000e2b1e010,0x00000000e2d00000)
  to   space 3584K, 0% used [0x00000000e2d00000,0x00000000e2d00000,0x00000000e3080000)
 ParOldGen       total 64512K, used 8K [0x00000000a3400000, 0x00000000a7300000, 0x00000000e1180000)
  object space 64512K, 0% used [0x00000000a3400000,0x00000000a3402000,0x00000000a7300000)
 Metaspace       used 8926K, capacity 9066K, committed 9216K, reserved 1060864K
  class space    used 1097K, capacity 1189K, committed 1280K, reserved 1048576K
Event: 0.734 GC heap after
Heap after GC invocations=2 (full 1):
 PSYoungGen      total 28160K, used 0K [0x00000000e1180000, 0x00000000e3080000, 0x0000000100000000)
  eden space 24576K, 0% used [0x00000000e1180000,0x00000000e1180000,0x00000000e2980000)
  from space 3584K, 0% used [0x00000000e2980000,0x00000000e2980000,0x00000000e2d00000)
  to   space 3584K, 0% used [0x00000000e2d00000,0x00000000e2d00000,0x00000000e3080000)
 ParOldGen       total 41472K, used 1520K [0x00000000a3400000, 0x00000000a5c80000, 0x00000000e1180000)
  object space 41472K, 3% used [0x00000000a3400000,0x00000000a357c2f8,0x00000000a5c80000)
 Metaspace       used 8926K, capacity 9066K, committed 9216K, reserved 1058816K
  class space    used 1097K, capacity 1189K, committed 1280K, reserved 1048576K
}

Deoptimization events (0 events):
No events

Internal exceptions (10 events):
Event: 0.205 Thread 0x00000000005bd800 Exception <a 'java/security/PrivilegedActionException'> (0x00000000e12cac58) thrown at [C:\re\workspace\8-2-build-windows-amd64-cygwin\jdk8u60\4407\hotspot\src\share\vm\prims\jvm.cpp, line 1386]
Event: 0.215 Thread 0x00000000005bd800 Exception <a 'java/io/FileNotFoundException'> (0x00000000e12d4390) thrown at [C:\re\workspace\8-2-build-windows-amd64-cygwin\jdk8u60\4407\hotspot\src\share\vm\prims\jni.cpp, line 709]
Event: 0.288 Thread 0x00000000005bd800 Exception <a 'java/lang/NoSuchFieldError': method resolution failed> (0x00000000e141d730) thrown at [C:\re\workspace\8-2-build-windows-amd64-cygwin\jdk8u60\4407\hotspot\src\share\vm\prims\methodHandles.cpp, line 1146]
Event: 0.291 Thread 0x00000000005bd800 Exception <a 'java/lang/NoSuchFieldError': method resolution failed> (0x00000000e142ab00) thrown at [C:\re\workspace\8-2-build-windows-amd64-cygwin\jdk8u60\4407\hotspot\src\share\vm\prims\methodHandles.cpp, line 1146]
Event: 0.354 Thread 0x00000000005bd800 Exception <a 'java/io/FileNotFoundException'> (0x00000000e14bf6b0) thrown at [C:\re\workspace\8-2-build-windows-amd64-cygwin\jdk8u60\4407\hotspot\src\share\vm\prims\jni.cpp, line 709]
Event: 0.544 Thread 0x00000000005bd800 Exception <a 'java/io/FileNotFoundException'> (0x00000000e1629c90) thrown at [C:\re\workspace\8-2-build-windows-amd64-cygwin\jdk8u60\4407\hotspot\src\share\vm\prims\jni.cpp, line 709]
Event: 0.544 Thread 0x00000000005bd800 Exception <a 'java/lang/NullPointerException'> (0x00000000e162a2c8) thrown at [C:\re\workspace\8-2-build-windows-amd64-cygwin\jdk8u60\4407\hotspot\src\share\vm\interpreter\linkResolver.cpp, line 1178]
Event: 0.622 Thread 0x0000000008a1d000 Exception <a 'java/lang/StackOverflowError'> (0x00000000e164dff0) thrown at [C:\re\workspace\8-2-build-windows-amd64-cygwin\jdk8u60\4407\hotspot\src\share\vm\interpreter\interpreterRuntime.cpp, line 323]
Event: 0.622 Thread 0x0000000008a1d000 Exception <a 'java/lang/StackOverflowError'> (0x00000000e164dff0) thrown at [C:\re\workspace\8-2-build-windows-amd64-cygwin\jdk8u60\4407\hotspot\src\share\vm\prims\jvm.cpp, line 1390]
Event: 0.622 Thread 0x0000000008a1d000 Exception <a 'java/lang/StackOverflowError'> (0x00000000e164dff0) thrown at [C:\re\workspace\8-2-build-windows-amd64-cygwin\jdk8u60\4407\hotspot\src\share\vm\prims\jvm.cpp, line 1390]

Events (10 events):
Event: 0.804 loading class java/awt/DefaultKeyboardFocusManager$DefaultKeyboardFocusManagerSentEvent
Event: 0.804 loading class java/awt/SentEvent
Event: 0.805 loading class java/awt/SentEvent done
Event: 0.805 loading class java/awt/DefaultKeyboardFocusManager$DefaultKeyboardFocusManagerSentEvent done
Event: 0.816 loading class sun/awt/windows/WGlobalCursorManager
Event: 0.816 loading class sun/awt/GlobalCursorManager
Event: 0.817 loading class sun/awt/GlobalCursorManager done
Event: 0.817 loading class sun/awt/windows/WGlobalCursorManager done
Event: 0.817 loading class sun/awt/GlobalCursorManager$NativeUpdater
Event: 0.817 loading class sun/awt/GlobalCursorManager$NativeUpdater done


Dynamic libraries:
0x000000013fa20000 - 0x000000013fa57000 	D:\Program Files\Java\jdk1.8.0_60\bin\javaw.exe
0x0000000077150000 - 0x00000000772fa000 	C:\Windows\SYSTEM32\ntdll.dll
0x0000000076bb0000 - 0x0000000076ccf000 	C:\Windows\system32\kernel32.dll
0x000007fefd870000 - 0x000007fefd8db000 	C:\Windows\system32\KERNELBASE.dll
0x000007fefdc80000 - 0x000007fefdd5b000 	C:\Windows\system32\ADVAPI32.dll
0x000007feff260000 - 0x000007feff2ff000 	C:\Windows\system32\msvcrt.dll
0x000007fefdfe0000 - 0x000007fefdfff000 	C:\Windows\SYSTEM32\sechost.dll
0x000007fefdeb0000 - 0x000007fefdfdd000 	C:\Windows\system32\RPCRT4.dll
0x0000000076ef0000 - 0x0000000076fea000 	C:\Windows\system32\USER32.dll
0x000007fefdb70000 - 0x000007fefdbd7000 	C:\Windows\system32\GDI32.dll
0x000007fefdab0000 - 0x000007fefdabe000 	C:\Windows\system32\LPK.dll
0x000007fefd9e0000 - 0x000007fefdaaa000 	C:\Windows\system32\USP10.dll
0x000007fefc020000 - 0x000007fefc214000 	C:\Windows\WinSxS\amd64_microsoft.windows.common-controls_6595b64144ccf1df_6.0.7601.18837_none_fa3b1e3d17594757\COMCTL32.dll
0x000007fefdd60000 - 0x000007fefddd1000 	C:\Windows\system32\SHLWAPI.dll
0x000007feff430000 - 0x000007feff45e000 	C:\Windows\system32\IMM32.DLL
0x000007feff300000 - 0x000007feff409000 	C:\Windows\system32\MSCTF.dll
0x000007fefd570000 - 0x000007fefd5a4000 	C:\Windows\system32\nvinitx.dll
0x000000000f000000 - 0x000000000f006000 	C:\Program Files\NVIDIA Corporation\CoProcManager\detoured.dll
0x000007fefa960000 - 0x000007fefa98d000 	C:\Program Files\NVIDIA Corporation\CoProcManager\nvd3d9wrapx.dll
0x000007feff080000 - 0x000007feff257000 	C:\Windows\system32\SETUPAPI.dll
0x000007fefd6c0000 - 0x000007fefd6f6000 	C:\Windows\system32\CFGMGR32.dll
0x000007fefe000000 - 0x000007fefe0d8000 	C:\Windows\system32\OLEAUT32.dll
0x000007fefe0e0000 - 0x000007fefe2e3000 	C:\Windows\system32\ole32.dll
0x000007fefd6a0000 - 0x000007fefd6ba000 	C:\Windows\system32\DEVOBJ.dll
0x000007fefa810000 - 0x000007fefa832000 	C:\Program Files\NVIDIA Corporation\CoProcManager\nvdxgiwrapx.dll
0x000000006e0b0000 - 0x000000006e182000 	D:\Program Files\Java\jdk1.8.0_60\jre\bin\msvcr100.dll
0x00000000649e0000 - 0x0000000065269000 	D:\Program Files\Java\jdk1.8.0_60\jre\bin\server\jvm.dll
0x000007fefbff0000 - 0x000007fefbff9000 	C:\Windows\system32\WSOCK32.dll
0x000007fefdde0000 - 0x000007fefde2d000 	C:\Windows\system32\WS2_32.dll
0x000007fefdb60000 - 0x000007fefdb68000 	C:\Windows\system32\NSI.dll
0x000007fefb370000 - 0x000007fefb3ab000 	C:\Windows\system32\WINMM.dll
0x000007fefc6b0000 - 0x000007fefc6bc000 	C:\Windows\system32\VERSION.dll
0x0000000077320000 - 0x0000000077327000 	C:\Windows\system32\PSAPI.DLL
0x0000000072df0000 - 0x0000000072dff000 	D:\Program Files\Java\jdk1.8.0_60\jre\bin\verify.dll
0x0000000072dc0000 - 0x0000000072de9000 	D:\Program Files\Java\jdk1.8.0_60\jre\bin\java.dll
0x0000000072da0000 - 0x0000000072db6000 	D:\Program Files\Java\jdk1.8.0_60\jre\bin\zip.dll
0x000007fefe2f0000 - 0x000007feff079000 	C:\Windows\system32\SHELL32.dll
0x000007fefd5b0000 - 0x000007fefd5bf000 	C:\Windows\system32\profapi.dll
0x000000006d820000 - 0x000000006d9b8000 	D:\Program Files\Java\jdk1.8.0_60\jre\bin\awt.dll
0x000007fefb900000 - 0x000007fefb918000 	C:\Windows\system32\DWMAPI.DLL
0x000007fefbe40000 - 0x000007fefbe96000 	C:\Windows\system32\uxtheme.dll
0x000007fefd4a0000 - 0x000007fefd4af000 	C:\Windows\system32\CRYPTBASE.dll
0x000007fefb730000 - 0x000007fefb741000 	C:\Users\Administrator.USER-20150515LS\AppData\Local\Youdao\Dict\Application\6.3.69.8341\WordStrokeHelper64.dll
0x000000006f230000 - 0x000000006f277000 	D:\Program Files\Java\jdk1.8.0_60\jre\bin\fontmanager.dll
0x000007fefdac0000 - 0x000007fefdb59000 	C:\Windows\system32\CLBCatQ.DLL
0x000007fefb790000 - 0x000007fefb8ba000 	C:\Windows\system32\WindowsCodecs.dll
0x000007fefd440000 - 0x000007fefd497000 	C:\Windows\system32\apphelp.dll
0x000007fef5850000 - 0x000007fef58c4000 	C:\Program Files (x86)\360\360Safe\safemon\360UDiskGuard64.dll
0x000007fef50e0000 - 0x000007fef5139000 	C:\Users\Administrator.USER-20150515LS\AppData\Roaming\ytmediacenter\X64\report64.dll
0x000000006f690000 - 0x000000006f728000 	C:\Windows\MSVCP100.dll
0x000007fefa020000 - 0x000007fefa047000 	C:\Windows\system32\IPHLPAPI.DLL
0x000007fefa010000 - 0x000007fefa01b000 	C:\Windows\system32\WINNSI.DLL
0x0000000076a50000 - 0x0000000076bab000 	C:\Windows\system32\WININET.dll
0x0000000077310000 - 0x0000000077313000 	C:\Windows\system32\Normaliz.dll
0x0000000076cd0000 - 0x0000000076ee2000 	C:\Windows\system32\iertutil.dll
0x0000000076ff0000 - 0x0000000077147000 	C:\Windows\system32\urlmon.dll
0x000007fef4d00000 - 0x000007fef4d90000 	C:\Users\Administrator.USER-20150515LS\AppData\Roaming\ytmediacenter\X64\coreplay64.dll
0x000007fef4c80000 - 0x000007fef4cb5000 	C:\Windows\system32\EhStorShell.dll
0x000007fefbea0000 - 0x000007fefbfcc000 	C:\Windows\system32\PROPSYS.dll
0x000007fef4c00000 - 0x000007fef4c7e000 	C:\Windows\System32\cscui.dll
0x000007fef94f0000 - 0x000007fef94fc000 	C:\Windows\System32\CSCDLL.dll
0x000007fef6f50000 - 0x000007fef6f5f000 	C:\Windows\system32\CSCAPI.dll
0x0000000072bf0000 - 0x0000000072c0a000 	D:\Program Files\Java\jdk1.8.0_60\jre\bin\net.dll
0x000007fefcda0000 - 0x000007fefcdf5000 	C:\Windows\system32\mswsock.dll
0x000007fefcd90000 - 0x000007fefcd97000 	C:\Windows\System32\wship6.dll
0x0000000069420000 - 0x0000000069431000 	D:\Program Files\Java\jdk1.8.0_60\jre\bin\nio.dll
0x000000006e060000 - 0x000000006e0a2000 	D:\Program Files\Java\jdk1.8.0_60\jre\bin\t2k.dll
0x000007fef5fb0000 - 0x000007fef60d5000 	C:\Windows\system32\dbghelp.dll

VM Arguments:
jvm_args: -Dfile.encoding=UTF-8 
java_command: client.Test
java_class_path (initial): D:\file eclipns\chat\bin
Launcher Type: SUN_STANDARD

Environment Variables:
PATH=D:/Program Files/Java/jdk1.8.0_60/bin/../jre/bin/server;D:/Program Files/Java/jdk1.8.0_60/bin/../jre/bin;D:/Program Files/Java/jdk1.8.0_60/bin/../jre/lib/amd64;C:\Windows\system32;C:\Windows;C:\Windows\System32\Wbem;C:\Windows\System32\WindowsPowerShell\v1.0\;D:\Program Files\Java\jdk1.8.0_60\bin;C:\Windows\system32;
USERNAME=Administrator
OS=Windows_NT
PROCESSOR_IDENTIFIER=Intel64 Family 6 Model 37 Stepping 5, GenuineIntel



---------------  S Y S T E M  ---------------

OS: Windows 7 , 64 bit Build 7601 (6.1.7601.19160)

CPU:total 4 (2 cores per cpu, 2 threads per core) family 6 model 37 stepping 5, cmov, cx8, fxsr, mmx, sse, sse2, sse3, ssse3, sse4.1, sse4.2, popcnt, ht, tsc, tscinvbit

Memory: 4k page, physical 6074864k(933248k free), swap 10267200k(20612k free)

vm_info: Java HotSpot(TM) 64-Bit Server VM (25.60-b23) for windows-amd64 JRE (1.8.0_60-b27), built on Aug  4 2015 11:06:27 by "java_re" with MS VC++ 10.0 (VS2010)

time: Mon Oct 10 19:23:54 2016
elapsed time: 0 seconds (0d 0h 0m 0s)

